2016-05-15 18:46:15 find error when store AXAS 
2016-05-15 18:46:15 find error when store ABM 
2016-05-15 18:46:16 find error when store BCOM 
2016-05-15 18:46:16 find error when store YUMA 
2016-05-15 18:46:16 find error when store WMK 
2016-05-15 18:46:16 find error when store O^F 
2016-05-15 18:46:16 find error when store NGHC 
2016-05-15 18:46:16 find error when store NFG 
2016-05-15 18:46:17 find error when store O 
2016-05-15 18:46:17 find error when store OGE 
2016-05-15 18:46:17 find error when store OFS 
2016-05-15 18:46:17 find error when store OFLX 
2016-05-15 18:46:17 find error when store BYBK 
2016-05-15 18:46:17 find error when store BAC^E 
2016-05-15 18:46:17 find error when store BCS^ 
2016-05-15 18:46:17 find error when store BAX 
2016-05-15 18:46:17 find error when store RZA 
2016-05-15 18:46:17 find error when store UTES 
2016-05-15 18:46:18 find error when store RF^B 
2016-05-15 18:46:18 find error when store RF^A 
2016-05-15 18:46:18 find error when store RGA 
2016-05-15 18:46:18 find error when store RF 
2016-05-15 18:46:18 find error when store ZIV 
2016-05-15 18:46:18 find error when store VIIX 
2016-05-15 18:46:18 find error when store XIV 
2016-05-15 18:46:18 find error when store VIIZ 
2016-05-15 18:46:18 find error when store TVIZ 
2016-05-15 18:46:18 find error when store USLV 
2016-05-15 18:46:19 find error when store TVIX 
2016-05-15 18:46:19 find error when store UGLD 
2016-05-15 18:46:19 find error when store DGLD 
2016-05-15 18:46:19 find error when store SLVO 
2016-05-15 18:46:19 find error when store DSLV 
2016-05-15 18:46:19 find error when store STPP 
2016-05-15 18:46:19 find error when store TAPR 
2016-05-15 18:46:19 find error when store DTYS 
2016-05-15 18:46:19 find error when store DTYL 
2016-05-15 18:46:19 find error when store DTUS 
2016-05-15 18:46:19 find error when store DLBL 
2016-05-15 18:46:19 find error when store FLAT 
2016-05-15 18:46:19 find error when store DTUL 
2016-05-15 18:46:19 find error when store DLBS 
2016-05-15 18:46:19 find error when store DFVS 
2016-05-15 18:46:19 find error when store DFVL 
2016-05-15 18:46:20 find error when store REG^G 
2016-05-15 18:46:20 find error when store REG^F 
2016-05-15 18:46:20 find error when store RBC 
2016-05-15 18:46:20 find error when store REED 
2016-05-15 18:46:20 find error when store RDHL 
2016-05-15 18:46:21 find error when store RLH 
2016-05-15 18:46:21 find error when store RHT 
2016-05-15 18:46:21 find error when store QYLD 
2016-05-15 18:46:21 find error when store DAX 
2016-05-15 18:46:21 find error when store UPIP 
2016-05-15 18:46:21 find error when store URG 
2016-05-15 18:46:21 find error when store UNM 
2016-05-15 18:46:21 find error when store UQM 
2016-05-15 18:46:22 find error when store UVSP 
2016-05-15 18:46:22 find error when store ULH 
2016-05-15 18:46:22 find error when store UHS 
2016-05-15 18:46:22 find error when store UHT 
2016-05-15 18:46:22 find error when store UUU 
2016-05-15 18:46:22 find error when store UVE 
2016-05-15 18:46:22 find error when store OLED 
2016-05-15 18:46:23 find error when store UVV 
2016-05-15 18:46:23 find error when store UAM 
2016-05-15 18:46:23 find error when store UNTY 
2016-05-15 18:46:23 find error when store UNH 
2016-05-15 18:46:23 find error when store UG 
2016-05-15 18:46:23 find error when store RVLT 
2016-05-15 18:46:23 find error when store UTL 
2016-05-15 18:46:23 find error when store RTRX 
2016-05-15 18:46:23 find error when store RVP 
2016-05-15 18:46:23 find error when store RPAI^A 
2016-05-15 18:46:24 find error when store ROIC 
2016-05-15 18:46:24 find error when store RSO^C 
2016-05-15 18:46:24 find error when store RSO^B 
2016-05-15 18:46:24 find error when store REXI 
2016-05-15 18:46:25 find error when store RSO^A 
2016-05-15 18:46:25 find error when store REFR 
2016-05-15 18:46:25 find error when store REN 
2016-05-15 18:46:25 find error when store RFP 
2016-05-15 18:46:25 find error when store RMD 
2016-05-15 18:46:25 find error when store FRBK 
2016-05-15 18:46:25 find error when store RPRX 
2016-05-15 18:46:26 find error when store RNVA 
2016-05-15 18:46:26 find error when store RNST 
2016-05-15 18:46:26 find error when store RNR^C 
2016-05-15 18:46:26 find error when store RNR^E 
2016-05-15 18:46:26 find error when store MARK 
2016-05-15 18:46:26 find error when store RCG 
2016-05-15 18:46:27 find error when store RELV 
2016-05-15 18:46:27 find error when store RWC 
2016-05-15 18:46:27 find error when store RNR 
2016-05-15 18:46:27 find error when store REIS 
2016-05-15 18:46:27 find error when store X 
2016-05-15 18:46:27 find error when store UTX 
2016-05-15 18:46:27 find error when store UZA 
2016-05-15 18:46:27 find error when store USLM 
2016-05-15 18:46:27 find error when store UAMY 
2016-05-15 18:46:28 find error when store UZC 
2016-05-15 18:46:28 find error when store UZB 
2016-05-15 18:46:28 find error when store USBI 
2016-05-15 18:46:28 find error when store UBFO 
2016-05-15 18:46:28 find error when store UNTD 
2016-05-15 18:46:28 find error when store UIHC 
2016-05-15 18:46:28 find error when store UMC 
2016-05-15 18:46:29 find error when store ROL 
2016-05-15 18:46:29 find error when store ROG 
2016-05-15 18:46:29 find error when store RCI 
2016-05-15 18:46:29 find error when store COL 
2016-05-15 18:46:29 find error when store ROK 
2016-05-15 18:46:29 find error when store RMCF 
2016-05-15 18:46:30 find error when store ROBO 
2016-05-15 18:46:30 find error when store RIF 
2016-05-15 18:46:30 find error when store RHI 
2016-05-15 18:46:30 find error when store RMGN 
2016-05-15 18:46:30 find error when store RLJE 
2016-05-15 18:46:30 find error when store RLI 
2016-05-15 18:46:30 find error when store RVSB 
2016-05-15 18:46:30 find error when store RAD 
2016-05-15 18:46:31 find error when store RITTW 
2016-05-15 18:46:31 find error when store RBA 
2016-05-15 18:46:31 find error when store REI 
2016-05-15 18:46:31 find error when store RIBT 
2016-05-15 18:46:32 find error when store NAME 
2016-05-15 18:46:32 find error when store RIBTW 
2016-05-15 18:46:32 find error when store RIC 
2016-05-15 18:46:32 find error when store RGCO 
2016-05-15 18:46:32 find error when store RAI 
2016-05-15 18:46:32 find error when store RFIL 
2016-05-15 18:46:32 find error when store RNN 
2016-05-15 18:46:32 find error when store REX 
2016-05-15 18:46:32 find error when store UFCS 
2016-05-15 18:46:33 find error when store UDR 
2016-05-15 18:46:33 find error when store UDF 
2016-05-15 18:46:33 find error when store UBNK 
2016-05-15 18:46:33 find error when store UAL 
2016-05-15 18:46:33 find error when store UCFC 
2016-05-15 18:46:33 find error when store UCBI 
2016-05-15 18:46:33 find error when store UBSI 
2016-05-15 18:46:33 find error when store UCBA 
2016-05-15 18:46:33 find error when store BSET 
2016-05-15 18:46:33 find error when store UBOH 
2016-05-15 18:46:34 find error when store ABX 
2016-05-15 18:46:34 find error when store B 
2016-05-15 18:46:34 find error when store BRN 
2016-05-15 18:46:34 find error when store RHP 
2016-05-15 18:46:34 find error when store R 
2016-05-15 18:46:34 find error when store RUSHB 
2016-05-15 18:46:35 find error when store RXII 
2016-05-15 18:46:35 find error when store RUSHA 
2016-05-15 18:46:35 find error when store UTMD 
2016-05-15 18:46:35 find error when store BIF 
2016-05-15 18:46:35 find error when store USMD 
2016-05-15 18:46:35 find error when store USAT 
2016-05-15 18:46:35 find error when store USATP 
2016-05-15 18:46:36 find error when store USG 
2016-05-15 18:46:36 find error when store USNA 
2016-05-15 18:46:36 find error when store UBP^G 
2016-05-15 18:46:36 find error when store ECOL 
2016-05-15 18:46:36 find error when store UBA 
2016-05-15 18:46:36 find error when store UBP^F 
2016-05-15 18:46:36 find error when store URRE 
2016-05-15 18:46:36 find error when store UBP 
2016-05-15 18:46:36 find error when store RT 
2016-05-15 18:46:37 find error when store UEC 
2016-05-15 18:46:37 find error when store RRM 
2016-05-15 18:46:37 find error when store RPM 
2016-05-15 18:46:37 find error when store RMT 
2016-05-15 18:46:37 find error when store RES 
2016-05-15 18:46:37 find error when store RDS.A 
2016-05-15 18:46:38 find error when store RBS^T 
2016-05-15 18:46:38 find error when store RGLD 
2016-05-15 18:46:38 find error when store RBS^S 
2016-05-15 18:46:38 find error when store RDS.B 
2016-05-15 18:46:38 find error when store RBS^R 
2016-05-15 18:46:38 find error when store RBS^H 
2016-05-15 18:46:38 find error when store RBS^I 
2016-05-15 18:46:38 find error when store RBS^L 
2016-05-15 18:46:38 find error when store RBS^G 
2016-05-15 18:46:38 find error when store RBS^F 
2016-05-15 18:46:38 find error when store RY^S 
2016-05-15 18:46:38 find error when store RY^T 
2016-05-15 18:46:38 find error when store RY 
2016-05-15 18:46:38 find error when store RBS^E 
2016-05-15 18:46:39 find error when store RBS 
2016-05-15 18:46:39 find error when store RBPAA 
2016-05-15 18:46:39 find error when store RDC 
2016-05-15 18:46:39 find error when store ROVI 
2016-05-15 18:46:39 find error when store BKS 
2016-05-15 18:46:39 find error when store BCS^D 
2016-05-15 18:46:39 find error when store BHAC 
2016-05-15 18:46:39 find error when store BHACU 
2016-05-15 18:46:39 find error when store BHACR 
2016-05-15 18:46:39 find error when store BCS^C.CL 
2016-05-15 18:46:39 find error when store BCS^A 
2016-05-15 18:46:40 find error when store BCS 
2016-05-15 18:46:40 find error when store BHB 
2016-05-15 18:46:40 find error when store BAA 
2016-05-15 18:46:40 find error when store BANR 
2016-05-15 18:46:40 find error when store BFIN 
2016-05-15 18:46:40 find error when store BKSC 
2016-05-15 18:46:40 find error when store BNS 
2016-05-15 18:46:41 find error when store BOTJ 
2016-05-15 18:46:41 find error when store BK^C 
2016-05-15 18:46:41 find error when store BK 
2016-05-15 18:46:41 find error when store BMRC 
2016-05-15 18:46:41 find error when store BMO 
2016-05-15 18:46:41 find error when store BOH 
2016-05-15 18:46:41 find error when store BOCH 
2016-05-15 18:46:41 find error when store BML^L 
2016-05-15 18:46:41 find error when store BML^G 
2016-05-15 18:46:41 find error when store BML^J 
2016-05-15 18:46:42 find error when store BAC^W 
2016-05-15 18:46:42 find error when store BML^H 
2016-05-15 18:46:42 find error when store BAC^L 
2016-05-15 18:46:42 find error when store BAC^Z 
2016-05-15 18:46:42 find error when store BML^I 
2016-05-15 18:46:42 find error when store BAC^Y 
2016-05-15 18:46:42 find error when store BAC^I 
2016-05-15 18:46:43 find error when store HIO 
2016-05-15 18:46:43 find error when store WR 
2016-05-15 18:46:43 find error when store WST 
2016-05-15 18:46:43 find error when store WABC 
2016-05-15 18:46:44 find error when store WTBA 
2016-05-15 18:46:44 find error when store WEN 
2016-05-15 18:46:44 find error when store WSBC 
2016-05-15 18:46:44 find error when store HCN^I 
2016-05-15 18:46:44 find error when store HCN^J 
2016-05-15 18:46:45 find error when store HCN 
2016-05-15 18:46:45 find error when store WFE^A 
2016-05-15 18:46:45 find error when store BELFA 
2016-05-15 18:46:45 find error when store BH 
2016-05-15 18:46:45 find error when store BBL 
2016-05-15 18:46:45 find error when store BGSF 
2016-05-15 18:46:46 find error when store BGCP 
2016-05-15 18:46:46 find error when store BIG 
2016-05-15 18:46:46 find error when store BHP 
2016-05-15 18:46:46 find error when store BBY 
2016-05-15 18:46:46 find error when store BRK.A 
2016-05-15 18:46:46 find error when store BHLB 
2016-05-15 18:46:46 find error when store BRK.B 
2016-05-15 18:46:46 find error when store BHE 
2016-05-15 18:46:46 find error when store BNCL 
2016-05-15 18:46:47 find error when store BMS 
2016-05-15 18:46:47 find error when store BEL 
2016-05-15 18:46:47 find error when store BNTCW 
2016-05-15 18:46:47 find error when store BXE 
2016-05-15 18:46:47 find error when store BDX 
2016-05-15 18:46:47 find error when store BDC 
2016-05-15 18:46:47 find error when store BELFB 
2016-05-15 18:46:48 find error when store BSF 
2016-05-15 18:46:48 find error when store BCE 
2016-05-15 18:46:48 find error when store BBX 
2016-05-15 18:46:48 find error when store BBT^H 
2016-05-15 18:46:48 find error when store BFR 
2016-05-15 18:46:48 find error when store BBCN 
2016-05-15 18:46:48 find error when store BBT^F 
2016-05-15 18:46:48 find error when store BBT^G 
2016-05-15 18:46:48 find error when store BBT^E 
2016-05-15 18:46:49 find error when store BBT^D 
2016-05-15 18:46:49 find error when store BBT 
2016-05-15 18:46:49 find error when store WFC^W 
2016-05-15 18:46:49 find error when store WFC^V 
2016-05-15 18:46:49 find error when store WFC^T 
2016-05-15 18:46:49 find error when store BTE 
2016-05-15 18:46:49 find error when store WFC^Q 
2016-05-15 18:46:49 find error when store WFC^R 
2016-05-15 18:46:49 find error when store WFC^O 
2016-05-15 18:46:49 find error when store WFC^P 
2016-05-15 18:46:50 find error when store WFC^L 
2016-05-15 18:46:50 find error when store WFC^N 
2016-05-15 18:46:50 find error when store WFC.WS 
2016-05-15 18:46:50 find error when store WFC^J 
2016-05-15 18:46:50 find error when store WFC 
2016-05-15 18:46:50 find error when store OLN 
2016-05-15 18:46:50 find error when store OSBCP 
2016-05-15 18:46:50 find error when store OSBC 
2016-05-15 18:46:50 find error when store OPOF 
2016-05-15 18:46:50 find error when store PRTK 
2016-05-15 18:46:51 find error when store ORI 
2016-05-15 18:46:51 find error when store WY^A 
2016-05-15 18:46:51 find error when store WPZ 
2016-05-15 18:46:51 find error when store WMB 
2016-05-15 18:46:52 find error when store WFM 
2016-05-15 18:46:52 find error when store WVVI 
2016-05-15 18:46:52 find error when store WYY 
2016-05-15 18:46:52 find error when store WILN 
2016-05-15 18:46:52 find error when store WHLM 
2016-05-15 18:46:52 find error when store WHFBL 
2016-05-15 18:46:52 find error when store WHF 
2016-05-15 18:46:53 find error when store WHLRW 
2016-05-15 18:46:53 find error when store WGL 
2016-05-15 18:46:53 find error when store WHR 
2016-05-15 18:46:53 find error when store WTM 
2016-05-15 18:46:53 find error when store WY 
2016-05-15 18:46:53 find error when store WEYS 
2016-05-15 18:46:53 find error when store WHLRP 
2016-05-15 18:46:53 find error when store WHG 
2016-05-15 18:46:53 find error when store WEX 
2016-05-15 18:46:53 find error when store WBK 
2016-05-15 18:46:53 find error when store WLB 
2016-05-15 18:46:53 find error when store WRK$ 
2016-05-15 18:46:54 find error when store WPRT 
2016-05-15 18:46:54 find error when store WAB 
2016-05-15 18:46:54 find error when store WFD 
2016-05-15 18:46:54 find error when store WU 
2016-05-15 18:46:54 find error when store WDC 
2016-05-15 18:46:55 find error when store BBRY 
2016-05-15 18:46:55 find error when store BKH 
2016-05-15 18:46:55 find error when store BBOX 
2016-05-15 18:46:56 find error when store BDE 
2016-05-15 18:46:56 find error when store BJRI 
2016-05-15 18:46:56 find error when store BGI 
2016-05-15 18:46:56 find error when store BTX 
2016-05-15 18:46:56 find error when store BTX.WS 
2016-05-15 18:46:56 find error when store WKHS 
2016-05-15 18:46:57 find error when store INT 
2016-05-15 18:46:57 find error when store WSM 
2016-05-15 18:46:57 find error when store WWD 
2016-05-15 18:46:57 find error when store WWW 
2016-05-15 18:46:57 find error when store UBND 
2016-05-15 18:46:57 find error when store WLRH 
2016-05-15 18:46:57 find error when store DXPS 
2016-05-15 18:46:57 find error when store WLRHW 
2016-05-15 18:46:58 find error when store DGRS 
2016-05-15 18:46:58 find error when store WMIH 
2016-05-15 18:46:58 find error when store DGRW 
2016-05-15 18:46:58 find error when store CRDT 
2016-05-15 18:46:58 find error when store JGBB 
2016-05-15 18:46:58 find error when store GULF 
2016-05-15 18:46:58 find error when store DXKW 
2016-05-15 18:46:58 find error when store EMCB 
2016-05-15 18:46:58 find error when store WETF 
2016-05-15 18:46:58 find error when store DXGE 
2016-05-15 18:46:58 find error when store DGRE 
2016-05-15 18:46:58 find error when store DXJS 
2016-05-15 18:46:59 find error when store CXSE 
2016-05-15 18:46:59 find error when store EMCG 
2016-05-15 18:46:59 find error when store HYZD 
2016-05-15 18:46:59 find error when store WTT 
2016-05-15 18:46:59 find error when store AGND 
2016-05-15 18:46:59 find error when store AGZD 
2016-05-15 18:46:59 find error when store WIT 
2016-05-15 18:46:59 find error when store HYND 
2016-05-15 18:46:59 find error when store WTFCM 
2016-05-15 18:46:59 find error when store WTFCW 
2016-05-15 18:46:59 find error when store WTFC 
2016-05-15 18:46:59 find error when store FUR 
2016-05-15 18:47:00 find error when store WINA 
2016-05-15 18:47:00 find error when store WGO 
2016-05-15 18:47:00 find error when store WINT 
2016-05-15 18:47:00 find error when store WLTW 
2016-05-15 18:47:00 find error when store WIN 
2016-05-15 18:47:00 find error when store WIBC 
2016-05-15 18:47:01 find error when store BSTC 
2016-05-15 18:47:01 find error when store TECH 
2016-05-15 18:47:01 find error when store BBP 
2016-05-15 18:47:01 find error when store BSPM 
2016-05-15 18:47:01 find error when store BSTG 
2016-05-15 18:47:01 find error when store BBC 
2016-05-15 18:47:01 find error when store BPTH 
2016-05-15 18:47:01 find error when store BIO 
2016-05-15 18:47:02 find error when store BLRX 
2016-05-15 18:47:02 find error when store BIOS 
2016-05-15 18:47:02 find error when store BVXVW 
2016-05-15 18:47:02 find error when store BIO.B 
2016-05-15 18:47:02 find error when store BLFS 
2016-05-15 18:47:02 find error when store WYN 
2016-05-15 18:47:02 find error when store BIOL 
2016-05-15 18:47:02 find error when store BIIB 
2016-05-15 18:47:02 find error when store WVFC 
2016-05-15 18:47:02 find error when store WSCI 
2016-05-15 18:47:02 find error when store WSFSL 
2016-05-15 18:47:02 find error when store WSFS 
2016-05-15 18:47:03 find error when store WMGIZ 
2016-05-15 18:47:03 find error when store WPPGY 
2016-05-15 18:47:03 find error when store WPG^I 
2016-05-15 18:47:03 find error when store WPX 
2016-05-15 18:47:03 find error when store WPCS 
2016-05-15 18:47:03 find error when store WOR 
2016-05-15 18:47:03 find error when store WWE 
2016-05-15 18:47:03 find error when store BDSI 
2016-05-15 18:47:04 find error when store WPG^H 
2016-05-15 18:47:04 find error when store BIOA.WS 
2016-05-15 18:47:04 find error when store OLBK 
2016-05-15 18:47:04 find error when store ONB 
2016-05-15 18:47:04 find error when store ODC 
2016-05-15 18:47:04 find error when store OVBC 
2016-05-15 18:47:04 find error when store OHRP 
2016-05-15 18:47:05 find error when store OIBR.C 
2016-05-15 18:47:05 find error when store OHAI 
2016-05-15 18:47:05 find error when store PAR 
2016-05-15 18:47:05 find error when store OFG^D 
2016-05-15 18:47:05 find error when store PHX 
2016-05-15 18:47:05 find error when store PRGNL 
2016-05-15 18:47:05 find error when store PARR 
2016-05-15 18:47:05 find error when store MYI 
2016-05-15 18:47:06 find error when store MUE 
2016-05-15 18:47:07 find error when store BFK 
2016-05-15 18:47:07 find error when store BBF 
2016-05-15 18:47:08 find error when store BKT 
2016-05-15 18:47:09 find error when store BGT 
2016-05-15 18:47:09 find error when store OFG^B 
2016-05-15 18:47:09 find error when store OFG 
2016-05-15 18:47:09 find error when store OFG^A 
2016-05-15 18:47:09 find error when store OCLSW 
2016-05-15 18:47:10 find error when store ODP 
2016-05-15 18:47:10 find error when store OMEX 
2016-05-15 18:47:10 find error when store PNRA 
2016-05-15 18:47:10 find error when store PAAS 
2016-05-15 18:47:10 find error when store OCN 
2016-05-15 18:47:10 find error when store PAM 
2016-05-15 18:47:10 find error when store PACW 
2016-05-15 18:47:10 find error when store PTN 
2016-05-15 18:47:11 find error when store BNSO 
2016-05-15 18:47:11 find error when store BOKF 
2016-05-15 18:47:11 find error when store BOFIL 
2016-05-15 18:47:11 find error when store BA 
2016-05-15 18:47:11 find error when store BOBE 
2016-05-15 18:47:12 find error when store ITEQ 
2016-05-15 18:47:12 find error when store BRG^A 
2016-05-15 18:47:12 find error when store BNCN 
2016-05-15 18:47:12 find error when store BKEPP 
2016-05-15 18:47:13 find error when store BDR 
2016-05-15 18:47:13 find error when store BCOR 
2016-05-15 18:47:13 find error when store ADRE 
2016-05-15 18:47:14 find error when store ADRD 
2016-05-15 18:47:14 find error when store ADRU 
2016-05-15 18:47:14 find error when store ADRA 
2016-05-15 18:47:14 find error when store BNJ 
2016-05-15 18:47:15 find error when store BNY 
2016-05-15 18:47:15 find error when store PPBI 
2016-05-15 18:47:15 find error when store PCG 
2016-05-15 18:47:15 find error when store PAACU 
2016-05-15 18:47:15 find error when store PAAC 
2016-05-15 18:47:15 find error when store PAACR 
2016-05-15 18:47:16 find error when store OCLR 
2016-05-15 18:47:16 find error when store OCFC 
2016-05-15 18:47:16 find error when store BYFC 
2016-05-15 18:47:16 find error when store OSHC 
2016-05-15 18:47:16 find error when store BR 
2016-05-15 18:47:16 find error when store OII 
2016-05-15 18:47:16 find error when store BTI 
2016-05-15 18:47:16 find error when store BRS 
2016-05-15 18:47:17 find error when store BCO 
2016-05-15 18:47:17 find error when store EAT 
2016-05-15 18:47:17 find error when store BMY 
2016-05-15 18:47:17 find error when store BRID 
2016-05-15 18:47:17 find error when store BGG 
2016-05-15 18:47:17 find error when store BLIN 
2016-05-15 18:47:17 find error when store BDGE 
2016-05-15 18:47:17 find error when store BBEPP 
2016-05-15 18:47:18 find error when store BRFS 
2016-05-15 18:47:18 find error when store BAK 
2016-05-15 18:47:18 find error when store BCLI 
2016-05-15 18:47:18 find error when store LND 
2016-05-15 18:47:18 find error when store BDN^E 
2016-05-15 18:47:18 find error when store BDN 
2016-05-15 18:47:19 find error when store BRC 
2016-05-15 18:47:19 find error when store BP 
2016-05-15 18:47:19 find error when store BWL.A 
2016-05-15 18:47:19 find error when store BPT 
2016-05-15 18:47:19 find error when store BLVD 
2016-05-15 18:47:19 find error when store BLVDU 
2016-05-15 18:47:19 find error when store BVX 
2016-05-15 18:47:19 find error when store BSX 
2016-05-15 18:47:19 find error when store BPFH 
2016-05-15 18:47:19 find error when store BXP^B 
2016-05-15 18:47:19 find error when store BPFHW 
2016-05-15 18:47:19 find error when store BPFHP 
2016-05-15 18:47:20 find error when store SAM 
2016-05-15 18:47:20 find error when store BWA 
2016-05-15 18:47:20 find error when store ORIG 
2016-05-15 18:47:20 find error when store OBCI 
2016-05-15 18:47:20 find error when store OXY 
2016-05-15 18:47:20 find error when store OVLY 
2016-05-15 18:47:20 find error when store PCG^I 
2016-05-15 18:47:21 find error when store PCG^G 
2016-05-15 18:47:21 find error when store PCG^H 
2016-05-15 18:47:21 find error when store PCG^E 
2016-05-15 18:47:21 find error when store PCG^D 
2016-05-15 18:47:21 find error when store PCG^C 
2016-05-15 18:47:21 find error when store PEIX 
2016-05-15 18:47:21 find error when store PCG^A 
2016-05-15 18:47:21 find error when store PCG^B 
2016-05-15 18:47:22 find error when store PCBK 
2016-05-15 18:47:22 find error when store PHF 
2016-05-15 18:47:22 find error when store PCAR 
2016-05-15 18:47:22 find error when store PAI 
2016-05-15 18:47:22 find error when store BWXT 
2016-05-15 18:47:22 find error when store PACEW 
2016-05-15 18:47:22 find error when store PACE 
2016-05-15 18:47:22 find error when store BUR 
2016-05-15 18:47:23 find error when store BKE 
2016-05-15 18:47:23 find error when store BT 
2016-05-15 18:47:23 find error when store BMTC 
2016-05-15 18:47:23 find error when store BRKR 
2016-05-15 18:47:23 find error when store BF.A 
2016-05-15 18:47:23 find error when store BF.B 
2016-05-15 18:47:23 find error when store BC 
2016-05-15 18:47:24 find error when store BRT 
2016-05-15 18:47:24 find error when store BRO 
2016-05-15 18:47:24 find error when store BRKL 
2016-05-15 18:47:24 find error when store BPY 
2016-05-15 18:47:24 find error when store BEP 
2016-05-15 18:47:24 find error when store HHY 
2016-05-15 18:47:24 find error when store INF 
2016-05-15 18:47:24 find error when store DTLA^ 
2016-05-15 18:47:24 find error when store BIP 
2016-05-15 18:47:25 find error when store BAM 
2016-05-15 18:47:25 find error when store BOXC 
2016-05-15 18:47:25 find error when store NHTC 
2016-05-